<?xml version="1.0" encoding="UTF-8"?>
<!-- Generated by org.testng.reporters.JUnitXMLReporter -->
<testsuite hostname="Sayannas-MacBook-Pro.local" ignored="0" name="ZooplaTest" tests="11" failures="4" timestamp="2021-05-16T21:25:14 PDT" time="86.183" errors="0">
  <testcase name="validateHomepageTitle" time="0.015" classname="com.zoopla.pageTests.HomepageTest"/>
  <testcase name="EnterText" time="0.275" classname="com.zoopla.pageTests.HomepageTest"/>
  <testcase name="clickOnsearchBtn" time="3.434" classname="com.zoopla.pageTests.HomepageTest"/>
  <testcase name="validateTitle" time="0.037" classname="com.zoopla.pageTests.ListingsPageTest"/>
  <testcase name="MostRecentDrpDwn" time="1.86" classname="com.zoopla.pageTests.ListingsPageTest"/>
  <testcase name="clickOnProperty" time="3.141" classname="com.zoopla.pageTests.ListingsPageTest"/>
  <testcase name="ValidatepageTitle" time="0.017" classname="com.zoopla.pageTests.PropertyDetailsPageTest">
    <failure type="java.lang.AssertionError" message="URL not matched expected [https://www.zoopla.co.uk/for-sale/details/58625425/?search_identifier=c14ac08bf282507f6273830c65fcde12] but found [https://www.zoopla.co.uk/new-homes/details/57648662/?search_identifier=745775bfdf5a80480dca54c310e41cd5]">
      <![CDATA[java.lang.AssertionError: URL not matched expected [https://www.zoopla.co.uk/for-sale/details/58625425/?search_identifier=c14ac08bf282507f6273830c65fcde12] but found [https://www.zoopla.co.uk/new-homes/details/57648662/?search_identifier=745775bfdf5a80480dca54c310e41cd5]
at com.zoopla.pageTests.PropertyDetailsPageTest.ValidatepageTitle(PropertyDetailsPageTest.java:38)
at java.util.ArrayList.forEach(ArrayList.java:1257)
... Removed 32 stack frames]]>
    </failure>
  </testcase> <!-- ValidatepageTitle -->
  <testcase name="ClickOnViewProperty" time="2.244" classname="com.zoopla.pageTests.PropertyDetailsPageTest"/>
  <testcase name="validateAgentAddress" time="40.058" classname="com.zoopla.pageTests.PropertyDetailsPageTest">
    <failure type="org.openqa.selenium.NoSuchElementException" message="no such element: Unable to locate element: {&amp;quot;method&amp;quot;:&amp;quot;xpath&amp;quot;,&amp;quot;selector&amp;quot;:&amp;quot;//div[@class =&amp;apos;css-1nc2nta-BodyContainer evrk8bx7&amp;apos;]//h1//span[2]&amp;quot;}
  (Session info: chrome=90.0.4430.212)
For documentation on this error, please visit: http://seleniumhq.org/exceptions/no_such_element.html
Build info: version: &amp;apos;3.4.0&amp;apos;, revision: &amp;apos;unknown&amp;apos;, time: &amp;apos;unknown&amp;apos;
System info: host: &amp;apos;Sayannas-MacBook-Pro.local&amp;apos;, ip: &amp;apos;fe80:0:0:0:147f:8a2f:99d4:20fc%en0&amp;apos;, os.name: &amp;apos;Mac OS X&amp;apos;, os.arch: &amp;apos;x86_64&amp;apos;, os.version: &amp;apos;10.14.6&amp;apos;, java.version: &amp;apos;1.8.0_241&amp;apos;
Driver info: org.openqa.selenium.chrome.ChromeDriver
Capabilities [{networkConnectionEnabled=false, chrome={chromedriverVersion=90.0.4430.24 (4c6d850f087da467d926e8eddb76550aed655991-refs/branch-heads/4430@{#429}), userDataDir=/var/folders/vv/75gx1wz504x119pqr9wykq380000gn/T/.com.google.Chrome.35wbDx}, timeouts={implicit=0.0, pageLoad=300000.0, script=30000.0}, pageLoadStrategy=normal, unhandledPromptBehavior=dismiss and notify, strictFileInteractability=false, platform=ANY, proxy=Proxy(), goog:chromeOptions={debuggerAddress=localhost:52062}, acceptInsecureCerts=false, browserVersion=90.0.4430.212, browserName=chrome, javascriptEnabled=true, platformName=mac os x, setWindowRect=true, webauthn:extension:largeBlob=true, webauthn:virtualAuthenticators=true}]
Session ID: f92ab9bb3bc0ae242a7f4f90e1b95001
*** Element info: {Using=xpath, value=//div[@class =&amp;apos;css-1nc2nta-BodyContainer evrk8bx7&amp;apos;]//h1//span[2]}">
      <![CDATA[org.openqa.selenium.NoSuchElementException: no such element: Unable to locate element: {"method":"xpath","selector":"//div[@class ='css-1nc2nta-BodyContainer evrk8bx7']//h1//span[2]"}
  (Session info: chrome=90.0.4430.212)
For documentation on this error, please visit: http://seleniumhq.org/exceptions/no_such_element.html
Build info: version: '3.4.0', revision: 'unknown', time: 'unknown'
System info: host: 'Sayannas-MacBook-Pro.local', ip: 'fe80:0:0:0:147f:8a2f:99d4:20fc%en0', os.name: 'Mac OS X', os.arch: 'x86_64', os.version: '10.14.6', java.version: '1.8.0_241'
Driver info: org.openqa.selenium.chrome.ChromeDriver
Capabilities [{networkConnectionEnabled=false, chrome={chromedriverVersion=90.0.4430.24 (4c6d850f087da467d926e8eddb76550aed655991-refs/branch-heads/4430@{#429}), userDataDir=/var/folders/vv/75gx1wz504x119pqr9wykq380000gn/T/.com.google.Chrome.35wbDx}, timeouts={implicit=0.0, pageLoad=300000.0, script=30000.0}, pageLoadStrategy=normal, unhandledPromptBehavior=dismiss and notify, strictFileInteractability=false, platform=ANY, proxy=Proxy(), goog:chromeOptions={debuggerAddress=localhost:52062}, acceptInsecureCerts=false, browserVersion=90.0.4430.212, browserName=chrome, javascriptEnabled=true, platformName=mac os x, setWindowRect=true, webauthn:extension:largeBlob=true, webauthn:virtualAuthenticators=true}]
Session ID: f92ab9bb3bc0ae242a7f4f90e1b95001
*** Element info: {Using=xpath, value=//div[@class ='css-1nc2nta-BodyContainer evrk8bx7']//h1//span[2]}
at org.openqa.selenium.remote.http.W3CHttpResponseCodec.createException(W3CHttpResponseCodec.java:150)
at org.openqa.selenium.remote.http.W3CHttpResponseCodec.decode(W3CHttpResponseCodec.java:115)
at org.openqa.selenium.remote.http.W3CHttpResponseCodec.decode(W3CHttpResponseCodec.java:45)
at org.openqa.selenium.remote.HttpCommandExecutor.execute(HttpCommandExecutor.java:164)
at org.openqa.selenium.remote.service.DriverCommandExecutor.execute(DriverCommandExecutor.java:82)
at org.openqa.selenium.remote.RemoteWebDriver.execute(RemoteWebDriver.java:637)
at org.openqa.selenium.remote.RemoteWebDriver.findElement(RemoteWebDriver.java:410)
at org.openqa.selenium.remote.RemoteWebDriver.findElementByXPath(RemoteWebDriver.java:509)
at org.openqa.selenium.By$ByXPath.findElement(By.java:361)
at org.openqa.selenium.remote.RemoteWebDriver.findElement(RemoteWebDriver.java:402)
at org.openqa.selenium.support.pagefactory.DefaultElementLocator.findElement(DefaultElementLocator.java:69)
at org.openqa.selenium.support.pagefactory.internal.LocatingElementHandler.invoke(LocatingElementHandler.java:38)
at com.sun.proxy.$Proxy7.getText(Unknown Source)
at com.zoopla.pages.PropertyDetailsPage.validatePropertyAddress(PropertyDetailsPage.java:37)
at com.zoopla.pageTests.PropertyDetailsPageTest.validateAgentAddress(PropertyDetailsPageTest.java:43)
at java.util.ArrayList.forEach(ArrayList.java:1257)
... Removed 31 stack frames]]>
    </failure>
  </testcase> <!-- validateAgentAddress -->
  <testcase name="validateAgentName" time="0.033" classname="com.zoopla.pageTests.AgentPageTest">
    <failure type="org.openqa.selenium.InvalidSelectorException" message="invalid selector: An invalid or illegal selector was specified
  (Session info: chrome=90.0.4430.212)
For documentation on this error, please visit: http://seleniumhq.org/exceptions/invalid_selector_exception.html
Build info: version: &amp;apos;3.4.0&amp;apos;, revision: &amp;apos;unknown&amp;apos;, time: &amp;apos;unknown&amp;apos;
System info: host: &amp;apos;Sayannas-MacBook-Pro.local&amp;apos;, ip: &amp;apos;fe80:0:0:0:147f:8a2f:99d4:20fc%en0&amp;apos;, os.name: &amp;apos;Mac OS X&amp;apos;, os.arch: &amp;apos;x86_64&amp;apos;, os.version: &amp;apos;10.14.6&amp;apos;, java.version: &amp;apos;1.8.0_241&amp;apos;
Driver info: org.openqa.selenium.chrome.ChromeDriver
Capabilities [{networkConnectionEnabled=false, chrome={chromedriverVersion=90.0.4430.24 (4c6d850f087da467d926e8eddb76550aed655991-refs/branch-heads/4430@{#429}), userDataDir=/var/folders/vv/75gx1wz504x119pqr9wykq380000gn/T/.com.google.Chrome.OL3nf9}, timeouts={implicit=0.0, pageLoad=300000.0, script=30000.0}, pageLoadStrategy=normal, unhandledPromptBehavior=dismiss and notify, strictFileInteractability=false, platform=ANY, proxy=Proxy(), goog:chromeOptions={debuggerAddress=localhost:52196}, acceptInsecureCerts=false, browserVersion=90.0.4430.212, browserName=chrome, javascriptEnabled=true, platformName=mac os x, setWindowRect=true, webauthn:extension:largeBlob=true, webauthn:virtualAuthenticators=true}]
Session ID: d47ed5c66c3dcdd4d01bef7d4bff77aa
*** Element info: {Using=css selector, value=body.layout-standard.brand-zoopla:nth-child(2) div.main-content-area.clearfix.wrap:nth-child(9) div.clearfix:nth-child(2) div.layout-standard:nth-child(1) div.clearfix:nth-child(1) div:nth-child(1) h1:nth-child(1) &amp;gt; a:nth-child(1))}">
      <![CDATA[org.openqa.selenium.InvalidSelectorException: invalid selector: An invalid or illegal selector was specified
  (Session info: chrome=90.0.4430.212)
For documentation on this error, please visit: http://seleniumhq.org/exceptions/invalid_selector_exception.html
Build info: version: '3.4.0', revision: 'unknown', time: 'unknown'
System info: host: 'Sayannas-MacBook-Pro.local', ip: 'fe80:0:0:0:147f:8a2f:99d4:20fc%en0', os.name: 'Mac OS X', os.arch: 'x86_64', os.version: '10.14.6', java.version: '1.8.0_241'
Driver info: org.openqa.selenium.chrome.ChromeDriver
Capabilities [{networkConnectionEnabled=false, chrome={chromedriverVersion=90.0.4430.24 (4c6d850f087da467d926e8eddb76550aed655991-refs/branch-heads/4430@{#429}), userDataDir=/var/folders/vv/75gx1wz504x119pqr9wykq380000gn/T/.com.google.Chrome.OL3nf9}, timeouts={implicit=0.0, pageLoad=300000.0, script=30000.0}, pageLoadStrategy=normal, unhandledPromptBehavior=dismiss and notify, strictFileInteractability=false, platform=ANY, proxy=Proxy(), goog:chromeOptions={debuggerAddress=localhost:52196}, acceptInsecureCerts=false, browserVersion=90.0.4430.212, browserName=chrome, javascriptEnabled=true, platformName=mac os x, setWindowRect=true, webauthn:extension:largeBlob=true, webauthn:virtualAuthenticators=true}]
Session ID: d47ed5c66c3dcdd4d01bef7d4bff77aa
*** Element info: {Using=css selector, value=body.layout-standard.brand-zoopla:nth-child(2) div.main-content-area.clearfix.wrap:nth-child(9) div.clearfix:nth-child(2) div.layout-standard:nth-child(1) div.clearfix:nth-child(1) div:nth-child(1) h1:nth-child(1) > a:nth-child(1))}
at org.openqa.selenium.remote.http.W3CHttpResponseCodec.createException(W3CHttpResponseCodec.java:150)
at org.openqa.selenium.remote.http.W3CHttpResponseCodec.decode(W3CHttpResponseCodec.java:115)
at org.openqa.selenium.remote.http.W3CHttpResponseCodec.decode(W3CHttpResponseCodec.java:45)
at org.openqa.selenium.remote.HttpCommandExecutor.execute(HttpCommandExecutor.java:164)
at org.openqa.selenium.remote.service.DriverCommandExecutor.execute(DriverCommandExecutor.java:82)
at org.openqa.selenium.remote.RemoteWebDriver.execute(RemoteWebDriver.java:637)
at org.openqa.selenium.remote.RemoteWebDriver.findElement(RemoteWebDriver.java:410)
at org.openqa.selenium.remote.RemoteWebDriver.findElementByCssSelector(RemoteWebDriver.java:501)
at org.openqa.selenium.By$ByCssSelector.findElement(By.java:430)
at org.openqa.selenium.remote.RemoteWebDriver.findElement(RemoteWebDriver.java:402)
at org.openqa.selenium.support.pagefactory.DefaultElementLocator.findElement(DefaultElementLocator.java:69)
at org.openqa.selenium.support.pagefactory.internal.LocatingElementHandler.invoke(LocatingElementHandler.java:38)
at com.sun.proxy.$Proxy7.getText(Unknown Source)
at com.zoopla.pages.AgentPage.validateAgentName(AgentPage.java:27)
at com.zoopla.pageTests.AgentPageTest.validateAgentName(AgentPageTest.java:37)
at java.util.ArrayList.forEach(ArrayList.java:1257)
... Removed 31 stack frames]]>
    </failure>
  </testcase> <!-- validateAgentName -->
  <testcase name="validateAllListing" time="1.63" classname="com.zoopla.pageTests.AgentPageTest">
    <failure type="org.openqa.selenium.InvalidSelectorException" message="invalid selector: An invalid or illegal selector was specified
  (Session info: chrome=90.0.4430.212)
For documentation on this error, please visit: http://seleniumhq.org/exceptions/invalid_selector_exception.html
Build info: version: &amp;apos;3.4.0&amp;apos;, revision: &amp;apos;unknown&amp;apos;, time: &amp;apos;unknown&amp;apos;
System info: host: &amp;apos;Sayannas-MacBook-Pro.local&amp;apos;, ip: &amp;apos;fe80:0:0:0:147f:8a2f:99d4:20fc%en0&amp;apos;, os.name: &amp;apos;Mac OS X&amp;apos;, os.arch: &amp;apos;x86_64&amp;apos;, os.version: &amp;apos;10.14.6&amp;apos;, java.version: &amp;apos;1.8.0_241&amp;apos;
Driver info: org.openqa.selenium.chrome.ChromeDriver
Capabilities [{networkConnectionEnabled=false, chrome={chromedriverVersion=90.0.4430.24 (4c6d850f087da467d926e8eddb76550aed655991-refs/branch-heads/4430@{#429}), userDataDir=/var/folders/vv/75gx1wz504x119pqr9wykq380000gn/T/.com.google.Chrome.OL3nf9}, timeouts={implicit=0.0, pageLoad=300000.0, script=30000.0}, pageLoadStrategy=normal, unhandledPromptBehavior=dismiss and notify, strictFileInteractability=false, platform=ANY, proxy=Proxy(), goog:chromeOptions={debuggerAddress=localhost:52196}, acceptInsecureCerts=false, browserVersion=90.0.4430.212, browserName=chrome, javascriptEnabled=true, platformName=mac os x, setWindowRect=true, webauthn:extension:largeBlob=true, webauthn:virtualAuthenticators=true}]
Session ID: d47ed5c66c3dcdd4d01bef7d4bff77aa
*** Element info: {Using=css selector, value=body.layout-standard.brand-zoopla:nth-child(2) div.main-content-area.clearfix.wrap:nth-child(9) div.clearfix:nth-child(2) div.layout-standard:nth-child(1) div.clearfix:nth-child(1) div:nth-child(1) h1:nth-child(1) &amp;gt; a:nth-child(1))}">
      <![CDATA[org.openqa.selenium.InvalidSelectorException: invalid selector: An invalid or illegal selector was specified
  (Session info: chrome=90.0.4430.212)
For documentation on this error, please visit: http://seleniumhq.org/exceptions/invalid_selector_exception.html
Build info: version: '3.4.0', revision: 'unknown', time: 'unknown'
System info: host: 'Sayannas-MacBook-Pro.local', ip: 'fe80:0:0:0:147f:8a2f:99d4:20fc%en0', os.name: 'Mac OS X', os.arch: 'x86_64', os.version: '10.14.6', java.version: '1.8.0_241'
Driver info: org.openqa.selenium.chrome.ChromeDriver
Capabilities [{networkConnectionEnabled=false, chrome={chromedriverVersion=90.0.4430.24 (4c6d850f087da467d926e8eddb76550aed655991-refs/branch-heads/4430@{#429}), userDataDir=/var/folders/vv/75gx1wz504x119pqr9wykq380000gn/T/.com.google.Chrome.OL3nf9}, timeouts={implicit=0.0, pageLoad=300000.0, script=30000.0}, pageLoadStrategy=normal, unhandledPromptBehavior=dismiss and notify, strictFileInteractability=false, platform=ANY, proxy=Proxy(), goog:chromeOptions={debuggerAddress=localhost:52196}, acceptInsecureCerts=false, browserVersion=90.0.4430.212, browserName=chrome, javascriptEnabled=true, platformName=mac os x, setWindowRect=true, webauthn:extension:largeBlob=true, webauthn:virtualAuthenticators=true}]
Session ID: d47ed5c66c3dcdd4d01bef7d4bff77aa
*** Element info: {Using=css selector, value=body.layout-standard.brand-zoopla:nth-child(2) div.main-content-area.clearfix.wrap:nth-child(9) div.clearfix:nth-child(2) div.layout-standard:nth-child(1) div.clearfix:nth-child(1) div:nth-child(1) h1:nth-child(1) > a:nth-child(1))}
at org.openqa.selenium.remote.http.W3CHttpResponseCodec.createException(W3CHttpResponseCodec.java:150)
at org.openqa.selenium.remote.http.W3CHttpResponseCodec.decode(W3CHttpResponseCodec.java:115)
at org.openqa.selenium.remote.http.W3CHttpResponseCodec.decode(W3CHttpResponseCodec.java:45)
at org.openqa.selenium.remote.HttpCommandExecutor.execute(HttpCommandExecutor.java:164)
at org.openqa.selenium.remote.service.DriverCommandExecutor.execute(DriverCommandExecutor.java:82)
at org.openqa.selenium.remote.RemoteWebDriver.execute(RemoteWebDriver.java:637)
at org.openqa.selenium.remote.RemoteWebDriver.findElement(RemoteWebDriver.java:410)
at org.openqa.selenium.remote.RemoteWebDriver.findElementByCssSelector(RemoteWebDriver.java:501)
at org.openqa.selenium.By$ByCssSelector.findElement(By.java:430)
at org.openqa.selenium.remote.RemoteWebDriver.findElement(RemoteWebDriver.java:402)
at org.openqa.selenium.support.pagefactory.DefaultElementLocator.findElement(DefaultElementLocator.java:69)
at org.openqa.selenium.support.pagefactory.internal.LocatingElementHandler.invoke(LocatingElementHandler.java:38)
at com.sun.proxy.$Proxy7.getText(Unknown Source)
at com.zoopla.pages.AgentPage.validateAgentName(AgentPage.java:27)
at com.zoopla.pageTests.AgentPageTest.validateAllListing(AgentPageTest.java:51)
at java.util.ArrayList.forEach(ArrayList.java:1257)
... Removed 31 stack frames]]>
    </failure>
  </testcase> <!-- validateAllListing -->
</testsuite> <!-- ZooplaTest -->
