<?xml version="1.0" encoding="UTF-8"?>
<!-- Generated by org.testng.reporters.JUnitXMLReporter -->
<testsuite hostname="Sayannas-MacBook-Pro.local" ignored="0" name="Default test" tests="4" failures="0" timestamp="2021-05-29T15:47:08 PDT" time="6.772" errors="0">
  <testcase name="ClickOnPopup" time="0.132" classname="com.zoopla.pageTests.HomepageTest"/>
  <testcase name="validateHomepageTitle" time="0.015" classname="com.zoopla.pageTests.HomepageTest"/>
  <testcase name="EnterText" time="0.244" classname="com.zoopla.pageTests.HomepageTest"/>
  <testcase name="clickOnsearchBtn" time="2.249" classname="com.zoopla.pageTests.HomepageTest"/>
</testsuite> <!-- Default test -->
