<?xml version="1.0" encoding="UTF-8"?>
<!-- Generated by org.testng.reporters.JUnitXMLReporter -->
<testsuite hostname="Sayannas-MacBook-Pro.local" ignored="0" name="Default test" tests="4" failures="0" timestamp="2021-05-16T19:32:39 PDT" time="12.931" errors="0">
  <testcase name="validateTitle" time="0.014" classname="com.zoopla.pageTests.ListingsPageTest"/>
  <testcase name="MostRecentDrpDwn" time="1.422" classname="com.zoopla.pageTests.ListingsPageTest"/>
  <testcase name="GetDeatilsOfSelectedProperty" time="1.151" classname="com.zoopla.pageTests.ListingsPageTest"/>
  <testcase name="clickOnProperty" time="1.624" classname="com.zoopla.pageTests.ListingsPageTest"/>
</testsuite> <!-- Default test -->
