<?xml version="1.0" encoding="UTF-8"?>
<testng-results skipped="0" failed="4" ignored="6" total="17" passed="7">
  <reporter-output>
  </reporter-output>
  <suite name="Suite" duration-ms="42647" started-at="2021-05-29T15:51:14 PDT" finished-at="2021-05-29T15:51:56 PDT">
    <groups>
    </groups>
    <test name="ZooplaTest" duration-ms="42647" started-at="2021-05-29T15:51:14 PDT" finished-at="2021-05-29T15:51:56 PDT">
      <class name="com.zoopla.pageTests.AgentPageTest">
        <test-method status="PASS" signature="initialize()[pri:0, instance:com.zoopla.pageTests.AgentPageTest@57175e74]" name="initialize" is-config="true" duration-ms="11496" started-at="2021-05-29T15:51:42 PDT" finished-at="2021-05-29T15:51:54 PDT">
          <reporter-output>
          </reporter-output>
        </test-method> <!-- initialize -->
        <test-method status="FAIL" signature="validateAgentName()[pri:1, instance:com.zoopla.pageTests.AgentPageTest@57175e74]" name="validateAgentName" duration-ms="61" started-at="2021-05-29T15:51:54 PDT" finished-at="2021-05-29T15:51:54 PDT">
          <exception class="java.lang.NullPointerException">
            <full-stacktrace>
              <![CDATA[java.lang.NullPointerException
at com.zoopla.pageTests.AgentPageTest.validateAgentName(AgentPageTest.java:44)
at sun.reflect.NativeMethodAccessorImpl.invoke0(Native Method)
at sun.reflect.NativeMethodAccessorImpl.invoke(NativeMethodAccessorImpl.java:62)
at sun.reflect.DelegatingMethodAccessorImpl.invoke(DelegatingMethodAccessorImpl.java:43)
at java.lang.reflect.Method.invoke(Method.java:498)
at org.testng.internal.MethodInvocationHelper.invokeMethod(MethodInvocationHelper.java:133)
at org.testng.internal.TestInvoker.invokeMethod(TestInvoker.java:598)
at org.testng.internal.TestInvoker.invokeTestMethod(TestInvoker.java:173)
at org.testng.internal.MethodRunner.runInSequence(MethodRunner.java:46)
at org.testng.internal.TestInvoker$MethodInvocationAgent.invoke(TestInvoker.java:824)
at org.testng.internal.TestInvoker.invokeTestMethods(TestInvoker.java:146)
at org.testng.internal.TestMethodWorker.invokeTestMethods(TestMethodWorker.java:146)
at org.testng.internal.TestMethodWorker.run(TestMethodWorker.java:128)
at java.util.ArrayList.forEach(ArrayList.java:1257)
at org.testng.TestRunner.privateRun(TestRunner.java:794)
at org.testng.TestRunner.run(TestRunner.java:596)
at org.testng.SuiteRunner.runTest(SuiteRunner.java:377)
at org.testng.SuiteRunner.runSequentially(SuiteRunner.java:371)
at org.testng.SuiteRunner.privateRun(SuiteRunner.java:332)
at org.testng.SuiteRunner.run(SuiteRunner.java:276)
at org.testng.SuiteRunnerWorker.runSuite(SuiteRunnerWorker.java:53)
at org.testng.SuiteRunnerWorker.run(SuiteRunnerWorker.java:96)
at org.testng.TestNG.runSuitesSequentially(TestNG.java:1212)
at org.testng.TestNG.runSuitesLocally(TestNG.java:1134)
at org.testng.TestNG.runSuites(TestNG.java:1063)
at org.testng.TestNG.run(TestNG.java:1031)
at org.testng.remote.AbstractRemoteTestNG.run(AbstractRemoteTestNG.java:115)
at org.testng.remote.RemoteTestNG.initAndRun(RemoteTestNG.java:251)
at org.testng.remote.RemoteTestNG.main(RemoteTestNG.java:77)
]]>
            </full-stacktrace>
          </exception> <!-- java.lang.NullPointerException -->
          <reporter-output>
          </reporter-output>
        </test-method> <!-- validateAgentName -->
        <test-method status="FAIL" signature="validateAllListing()[pri:2, instance:com.zoopla.pageTests.AgentPageTest@57175e74]" name="validateAllListing" duration-ms="2207" started-at="2021-05-29T15:51:54 PDT" finished-at="2021-05-29T15:51:56 PDT">
          <exception class="java.lang.NullPointerException">
            <full-stacktrace>
              <![CDATA[java.lang.NullPointerException
at com.zoopla.pageTests.AgentPageTest.validateAllListing(AgentPageTest.java:63)
at sun.reflect.NativeMethodAccessorImpl.invoke0(Native Method)
at sun.reflect.NativeMethodAccessorImpl.invoke(NativeMethodAccessorImpl.java:62)
at sun.reflect.DelegatingMethodAccessorImpl.invoke(DelegatingMethodAccessorImpl.java:43)
at java.lang.reflect.Method.invoke(Method.java:498)
at org.testng.internal.MethodInvocationHelper.invokeMethod(MethodInvocationHelper.java:133)
at org.testng.internal.TestInvoker.invokeMethod(TestInvoker.java:598)
at org.testng.internal.TestInvoker.invokeTestMethod(TestInvoker.java:173)
at org.testng.internal.MethodRunner.runInSequence(MethodRunner.java:46)
at org.testng.internal.TestInvoker$MethodInvocationAgent.invoke(TestInvoker.java:824)
at org.testng.internal.TestInvoker.invokeTestMethods(TestInvoker.java:146)
at org.testng.internal.TestMethodWorker.invokeTestMethods(TestMethodWorker.java:146)
at org.testng.internal.TestMethodWorker.run(TestMethodWorker.java:128)
at java.util.ArrayList.forEach(ArrayList.java:1257)
at org.testng.TestRunner.privateRun(TestRunner.java:794)
at org.testng.TestRunner.run(TestRunner.java:596)
at org.testng.SuiteRunner.runTest(SuiteRunner.java:377)
at org.testng.SuiteRunner.runSequentially(SuiteRunner.java:371)
at org.testng.SuiteRunner.privateRun(SuiteRunner.java:332)
at org.testng.SuiteRunner.run(SuiteRunner.java:276)
at org.testng.SuiteRunnerWorker.runSuite(SuiteRunnerWorker.java:53)
at org.testng.SuiteRunnerWorker.run(SuiteRunnerWorker.java:96)
at org.testng.TestNG.runSuitesSequentially(TestNG.java:1212)
at org.testng.TestNG.runSuitesLocally(TestNG.java:1134)
at org.testng.TestNG.runSuites(TestNG.java:1063)
at org.testng.TestNG.run(TestNG.java:1031)
at org.testng.remote.AbstractRemoteTestNG.run(AbstractRemoteTestNG.java:115)
at org.testng.remote.RemoteTestNG.initAndRun(RemoteTestNG.java:251)
at org.testng.remote.RemoteTestNG.main(RemoteTestNG.java:77)
]]>
            </full-stacktrace>
          </exception> <!-- java.lang.NullPointerException -->
          <reporter-output>
          </reporter-output>
        </test-method> <!-- validateAllListing -->
        <test-method status="PASS" signature="tearDown()[pri:0, instance:com.zoopla.pageTests.AgentPageTest@57175e74]" name="tearDown" is-config="true" duration-ms="382" started-at="2021-05-29T15:51:56 PDT" finished-at="2021-05-29T15:51:56 PDT">
          <reporter-output>
          </reporter-output>
        </test-method> <!-- tearDown -->
      </class> <!-- com.zoopla.pageTests.AgentPageTest -->
      <class name="com.zoopla.pageTests.PropertyDetailsPageTest">
        <test-method status="PASS" signature="Initialize()[pri:0, instance:com.zoopla.pageTests.PropertyDetailsPageTest@29ba4338]" name="Initialize" is-config="true" duration-ms="7788" started-at="2021-05-29T15:51:31 PDT" finished-at="2021-05-29T15:51:39 PDT">
          <reporter-output>
          </reporter-output>
        </test-method> <!-- Initialize -->
        <test-method status="FAIL" signature="validateAgentAddress()[pri:1, instance:com.zoopla.pageTests.PropertyDetailsPageTest@29ba4338]" name="validateAgentAddress" duration-ms="277" started-at="2021-05-29T15:51:39 PDT" finished-at="2021-05-29T15:51:39 PDT">
          <exception class="java.lang.NullPointerException">
            <full-stacktrace>
              <![CDATA[java.lang.NullPointerException
at com.zoopla.pageTests.PropertyDetailsPageTest.validateAgentAddress(PropertyDetailsPageTest.java:48)
at sun.reflect.NativeMethodAccessorImpl.invoke0(Native Method)
at sun.reflect.NativeMethodAccessorImpl.invoke(NativeMethodAccessorImpl.java:62)
at sun.reflect.DelegatingMethodAccessorImpl.invoke(DelegatingMethodAccessorImpl.java:43)
at java.lang.reflect.Method.invoke(Method.java:498)
at org.testng.internal.MethodInvocationHelper.invokeMethod(MethodInvocationHelper.java:133)
at org.testng.internal.TestInvoker.invokeMethod(TestInvoker.java:598)
at org.testng.internal.TestInvoker.invokeTestMethod(TestInvoker.java:173)
at org.testng.internal.MethodRunner.runInSequence(MethodRunner.java:46)
at org.testng.internal.TestInvoker$MethodInvocationAgent.invoke(TestInvoker.java:824)
at org.testng.internal.TestInvoker.invokeTestMethods(TestInvoker.java:146)
at org.testng.internal.TestMethodWorker.invokeTestMethods(TestMethodWorker.java:146)
at org.testng.internal.TestMethodWorker.run(TestMethodWorker.java:128)
at java.util.ArrayList.forEach(ArrayList.java:1257)
at org.testng.TestRunner.privateRun(TestRunner.java:794)
at org.testng.TestRunner.run(TestRunner.java:596)
at org.testng.SuiteRunner.runTest(SuiteRunner.java:377)
at org.testng.SuiteRunner.runSequentially(SuiteRunner.java:371)
at org.testng.SuiteRunner.privateRun(SuiteRunner.java:332)
at org.testng.SuiteRunner.run(SuiteRunner.java:276)
at org.testng.SuiteRunnerWorker.runSuite(SuiteRunnerWorker.java:53)
at org.testng.SuiteRunnerWorker.run(SuiteRunnerWorker.java:96)
at org.testng.TestNG.runSuitesSequentially(TestNG.java:1212)
at org.testng.TestNG.runSuitesLocally(TestNG.java:1134)
at org.testng.TestNG.runSuites(TestNG.java:1063)
at org.testng.TestNG.run(TestNG.java:1031)
at org.testng.remote.AbstractRemoteTestNG.run(AbstractRemoteTestNG.java:115)
at org.testng.remote.RemoteTestNG.initAndRun(RemoteTestNG.java:251)
at org.testng.remote.RemoteTestNG.main(RemoteTestNG.java:77)
]]>
            </full-stacktrace>
          </exception> <!-- java.lang.NullPointerException -->
          <reporter-output>
          </reporter-output>
        </test-method> <!-- validateAgentAddress -->
        <test-method status="PASS" signature="ClickOnViewProperty()[pri:3, instance:com.zoopla.pageTests.PropertyDetailsPageTest@29ba4338]" name="ClickOnViewProperty" duration-ms="2832" started-at="2021-05-29T15:51:39 PDT" finished-at="2021-05-29T15:51:42 PDT">
          <reporter-output>
          </reporter-output>
        </test-method> <!-- ClickOnViewProperty -->
        <test-method status="PASS" signature="tearDown()[pri:0, instance:com.zoopla.pageTests.PropertyDetailsPageTest@29ba4338]" name="tearDown" is-config="true" duration-ms="282" started-at="2021-05-29T15:51:42 PDT" finished-at="2021-05-29T15:51:42 PDT">
          <reporter-output>
          </reporter-output>
        </test-method> <!-- tearDown -->
      </class> <!-- com.zoopla.pageTests.PropertyDetailsPageTest -->
      <class name="com.zoopla.pageTests.ListingsPageTest">
        <test-method status="PASS" signature="Initialize()[pri:0, instance:com.zoopla.pageTests.ListingsPageTest@6279cee3]" name="Initialize" is-config="true" duration-ms="5865" started-at="2021-05-29T15:51:22 PDT" finished-at="2021-05-29T15:51:27 PDT">
          <reporter-output>
          </reporter-output>
        </test-method> <!-- Initialize -->
        <test-method status="FAIL" signature="validateTitle()[pri:1, instance:com.zoopla.pageTests.ListingsPageTest@6279cee3]" name="validateTitle" duration-ms="22" started-at="2021-05-29T15:51:27 PDT" finished-at="2021-05-29T15:51:27 PDT">
          <exception class="java.lang.NullPointerException">
            <full-stacktrace>
              <![CDATA[java.lang.NullPointerException
at com.zoopla.pageTests.ListingsPageTest.validateTitle(ListingsPageTest.java:35)
at sun.reflect.NativeMethodAccessorImpl.invoke0(Native Method)
at sun.reflect.NativeMethodAccessorImpl.invoke(NativeMethodAccessorImpl.java:62)
at sun.reflect.DelegatingMethodAccessorImpl.invoke(DelegatingMethodAccessorImpl.java:43)
at java.lang.reflect.Method.invoke(Method.java:498)
at org.testng.internal.MethodInvocationHelper.invokeMethod(MethodInvocationHelper.java:133)
at org.testng.internal.TestInvoker.invokeMethod(TestInvoker.java:598)
at org.testng.internal.TestInvoker.invokeTestMethod(TestInvoker.java:173)
at org.testng.internal.MethodRunner.runInSequence(MethodRunner.java:46)
at org.testng.internal.TestInvoker$MethodInvocationAgent.invoke(TestInvoker.java:824)
at org.testng.internal.TestInvoker.invokeTestMethods(TestInvoker.java:146)
at org.testng.internal.TestMethodWorker.invokeTestMethods(TestMethodWorker.java:146)
at org.testng.internal.TestMethodWorker.run(TestMethodWorker.java:128)
at java.util.ArrayList.forEach(ArrayList.java:1257)
at org.testng.TestRunner.privateRun(TestRunner.java:794)
at org.testng.TestRunner.run(TestRunner.java:596)
at org.testng.SuiteRunner.runTest(SuiteRunner.java:377)
at org.testng.SuiteRunner.runSequentially(SuiteRunner.java:371)
at org.testng.SuiteRunner.privateRun(SuiteRunner.java:332)
at org.testng.SuiteRunner.run(SuiteRunner.java:276)
at org.testng.SuiteRunnerWorker.runSuite(SuiteRunnerWorker.java:53)
at org.testng.SuiteRunnerWorker.run(SuiteRunnerWorker.java:96)
at org.testng.TestNG.runSuitesSequentially(TestNG.java:1212)
at org.testng.TestNG.runSuitesLocally(TestNG.java:1134)
at org.testng.TestNG.runSuites(TestNG.java:1063)
at org.testng.TestNG.run(TestNG.java:1031)
at org.testng.remote.AbstractRemoteTestNG.run(AbstractRemoteTestNG.java:115)
at org.testng.remote.RemoteTestNG.initAndRun(RemoteTestNG.java:251)
at org.testng.remote.RemoteTestNG.main(RemoteTestNG.java:77)
]]>
            </full-stacktrace>
          </exception> <!-- java.lang.NullPointerException -->
          <reporter-output>
          </reporter-output>
        </test-method> <!-- validateTitle -->
        <test-method status="PASS" signature="MostRecentDrpDwn()[pri:2, instance:com.zoopla.pageTests.ListingsPageTest@6279cee3]" name="MostRecentDrpDwn" duration-ms="237" started-at="2021-05-29T15:51:27 PDT" finished-at="2021-05-29T15:51:28 PDT">
          <reporter-output>
          </reporter-output>
        </test-method> <!-- MostRecentDrpDwn -->
        <test-method status="PASS" signature="clickOnProperty()[pri:5, instance:com.zoopla.pageTests.ListingsPageTest@6279cee3]" name="clickOnProperty" duration-ms="3228" started-at="2021-05-29T15:51:28 PDT" finished-at="2021-05-29T15:51:31 PDT">
          <reporter-output>
          </reporter-output>
        </test-method> <!-- clickOnProperty -->
        <test-method status="PASS" signature="teatDown()[pri:0, instance:com.zoopla.pageTests.ListingsPageTest@6279cee3]" name="teatDown" is-config="true" duration-ms="128" started-at="2021-05-29T15:51:31 PDT" finished-at="2021-05-29T15:51:31 PDT">
          <reporter-output>
          </reporter-output>
        </test-method> <!-- teatDown -->
      </class> <!-- com.zoopla.pageTests.ListingsPageTest -->
      <class name="com.zoopla.pageTests.HomepageTest">
        <test-method status="PASS" signature="createReport()[pri:0, instance:com.zoopla.pageTests.HomepageTest@51931956]" name="createReport" is-config="true" duration-ms="148" started-at="2021-05-29T15:51:14 PDT" finished-at="2021-05-29T15:51:14 PDT">
          <reporter-output>
          </reporter-output>
        </test-method> <!-- createReport -->
        <test-method status="PASS" signature="Initialize()[pri:0, instance:com.zoopla.pageTests.HomepageTest@51931956]" name="Initialize" is-config="true" duration-ms="4409" started-at="2021-05-29T15:51:14 PDT" finished-at="2021-05-29T15:51:18 PDT">
          <reporter-output>
          </reporter-output>
        </test-method> <!-- Initialize -->
        <test-method status="PASS" signature="ClickOnPopup()[pri:1, instance:com.zoopla.pageTests.HomepageTest@51931956]" name="ClickOnPopup" duration-ms="131" started-at="2021-05-29T15:51:18 PDT" finished-at="2021-05-29T15:51:18 PDT">
          <reporter-output>
          </reporter-output>
        </test-method> <!-- ClickOnPopup -->
        <test-method status="PASS" signature="validateHomepageTitle()[pri:1, instance:com.zoopla.pageTests.HomepageTest@51931956]" name="validateHomepageTitle" duration-ms="20" started-at="2021-05-29T15:51:18 PDT" finished-at="2021-05-29T15:51:18 PDT">
          <reporter-output>
          </reporter-output>
        </test-method> <!-- validateHomepageTitle -->
        <test-method status="PASS" signature="EnterText()[pri:2, instance:com.zoopla.pageTests.HomepageTest@51931956]" name="EnterText" duration-ms="241" started-at="2021-05-29T15:51:18 PDT" finished-at="2021-05-29T15:51:19 PDT">
          <reporter-output>
          </reporter-output>
        </test-method> <!-- EnterText -->
        <test-method status="PASS" signature="clickOnsearchBtn()[pri:3, instance:com.zoopla.pageTests.HomepageTest@51931956]" name="clickOnsearchBtn" duration-ms="2836" started-at="2021-05-29T15:51:19 PDT" finished-at="2021-05-29T15:51:21 PDT">
          <reporter-output>
          </reporter-output>
        </test-method> <!-- clickOnsearchBtn -->
        <test-method status="PASS" signature="tearDown()[pri:0, instance:com.zoopla.pageTests.HomepageTest@51931956]" name="tearDown" is-config="true" duration-ms="158" started-at="2021-05-29T15:51:21 PDT" finished-at="2021-05-29T15:51:22 PDT">
          <reporter-output>
          </reporter-output>
        </test-method> <!-- tearDown -->
        <test-method status="PASS" signature="closeReport()[pri:0, instance:com.zoopla.pageTests.HomepageTest@51931956]" name="closeReport" is-config="true" duration-ms="676" started-at="2021-05-29T15:51:56 PDT" finished-at="2021-05-29T15:51:57 PDT">
          <reporter-output>
          </reporter-output>
        </test-method> <!-- closeReport -->
      </class> <!-- com.zoopla.pageTests.HomepageTest -->
    </test> <!-- ZooplaTest -->
  </suite> <!-- Suite -->
</testng-results>
