<?xml version="1.0" encoding="UTF-8"?>
<testng-results skipped="0" failed="4" ignored="0" total="11" passed="7">
  <reporter-output>
  </reporter-output>
  <suite name="Suite" duration-ms="86183" started-at="2021-05-16T21:23:48 PDT" finished-at="2021-05-16T21:25:14 PDT">
    <groups>
    </groups>
    <test name="ZooplaTest" duration-ms="86183" started-at="2021-05-16T21:23:48 PDT" finished-at="2021-05-16T21:25:14 PDT">
      <class name="com.zoopla.pageTests.AgentPageTest">
        <test-method status="PASS" signature="initialize()[pri:0, instance:com.zoopla.pageTests.AgentPageTest@176d53b2]" name="initialize" is-config="true" duration-ms="10381" started-at="2021-05-16T21:25:02 PDT" finished-at="2021-05-16T21:25:12 PDT">
          <reporter-output>
          </reporter-output>
        </test-method> <!-- initialize -->
        <test-method status="FAIL" signature="validateAgentName()[pri:1, instance:com.zoopla.pageTests.AgentPageTest@176d53b2]" name="validateAgentName" duration-ms="33" started-at="2021-05-16T21:25:12 PDT" finished-at="2021-05-16T21:25:12 PDT">
          <exception class="org.openqa.selenium.InvalidSelectorException">
            <message>
              <![CDATA[invalid selector: An invalid or illegal selector was specified
  (Session info: chrome=90.0.4430.212)
For documentation on this error, please visit: http://seleniumhq.org/exceptions/invalid_selector_exception.html
Build info: version: '3.4.0', revision: 'unknown', time: 'unknown'
System info: host: 'Sayannas-MacBook-Pro.local', ip: 'fe80:0:0:0:147f:8a2f:99d4:20fc%en0', os.name: 'Mac OS X', os.arch: 'x86_64', os.version: '10.14.6', java.version: '1.8.0_241'
Driver info: org.openqa.selenium.chrome.ChromeDriver
Capabilities [{networkConnectionEnabled=false, chrome={chromedriverVersion=90.0.4430.24 (4c6d850f087da467d926e8eddb76550aed655991-refs/branch-heads/4430@{#429}), userDataDir=/var/folders/vv/75gx1wz504x119pqr9wykq380000gn/T/.com.google.Chrome.OL3nf9}, timeouts={implicit=0.0, pageLoad=300000.0, script=30000.0}, pageLoadStrategy=normal, unhandledPromptBehavior=dismiss and notify, strictFileInteractability=false, platform=ANY, proxy=Proxy(), goog:chromeOptions={debuggerAddress=localhost:52196}, acceptInsecureCerts=false, browserVersion=90.0.4430.212, browserName=chrome, javascriptEnabled=true, platformName=mac os x, setWindowRect=true, webauthn:extension:largeBlob=true, webauthn:virtualAuthenticators=true}]
Session ID: d47ed5c66c3dcdd4d01bef7d4bff77aa
*** Element info: {Using=css selector, value=body.layout-standard.brand-zoopla:nth-child(2) div.main-content-area.clearfix.wrap:nth-child(9) div.clearfix:nth-child(2) div.layout-standard:nth-child(1) div.clearfix:nth-child(1) div:nth-child(1) h1:nth-child(1) > a:nth-child(1))}]]>
            </message>
            <full-stacktrace>
              <![CDATA[org.openqa.selenium.InvalidSelectorException: invalid selector: An invalid or illegal selector was specified
  (Session info: chrome=90.0.4430.212)
For documentation on this error, please visit: http://seleniumhq.org/exceptions/invalid_selector_exception.html
Build info: version: '3.4.0', revision: 'unknown', time: 'unknown'
System info: host: 'Sayannas-MacBook-Pro.local', ip: 'fe80:0:0:0:147f:8a2f:99d4:20fc%en0', os.name: 'Mac OS X', os.arch: 'x86_64', os.version: '10.14.6', java.version: '1.8.0_241'
Driver info: org.openqa.selenium.chrome.ChromeDriver
Capabilities [{networkConnectionEnabled=false, chrome={chromedriverVersion=90.0.4430.24 (4c6d850f087da467d926e8eddb76550aed655991-refs/branch-heads/4430@{#429}), userDataDir=/var/folders/vv/75gx1wz504x119pqr9wykq380000gn/T/.com.google.Chrome.OL3nf9}, timeouts={implicit=0.0, pageLoad=300000.0, script=30000.0}, pageLoadStrategy=normal, unhandledPromptBehavior=dismiss and notify, strictFileInteractability=false, platform=ANY, proxy=Proxy(), goog:chromeOptions={debuggerAddress=localhost:52196}, acceptInsecureCerts=false, browserVersion=90.0.4430.212, browserName=chrome, javascriptEnabled=true, platformName=mac os x, setWindowRect=true, webauthn:extension:largeBlob=true, webauthn:virtualAuthenticators=true}]
Session ID: d47ed5c66c3dcdd4d01bef7d4bff77aa
*** Element info: {Using=css selector, value=body.layout-standard.brand-zoopla:nth-child(2) div.main-content-area.clearfix.wrap:nth-child(9) div.clearfix:nth-child(2) div.layout-standard:nth-child(1) div.clearfix:nth-child(1) div:nth-child(1) h1:nth-child(1) > a:nth-child(1))}
at sun.reflect.NativeConstructorAccessorImpl.newInstance0(Native Method)
at sun.reflect.NativeConstructorAccessorImpl.newInstance(NativeConstructorAccessorImpl.java:62)
at sun.reflect.DelegatingConstructorAccessorImpl.newInstance(DelegatingConstructorAccessorImpl.java:45)
at java.lang.reflect.Constructor.newInstance(Constructor.java:423)
at org.openqa.selenium.remote.http.W3CHttpResponseCodec.createException(W3CHttpResponseCodec.java:150)
at org.openqa.selenium.remote.http.W3CHttpResponseCodec.decode(W3CHttpResponseCodec.java:115)
at org.openqa.selenium.remote.http.W3CHttpResponseCodec.decode(W3CHttpResponseCodec.java:45)
at org.openqa.selenium.remote.HttpCommandExecutor.execute(HttpCommandExecutor.java:164)
at org.openqa.selenium.remote.service.DriverCommandExecutor.execute(DriverCommandExecutor.java:82)
at org.openqa.selenium.remote.RemoteWebDriver.execute(RemoteWebDriver.java:637)
at org.openqa.selenium.remote.RemoteWebDriver.findElement(RemoteWebDriver.java:410)
at org.openqa.selenium.remote.RemoteWebDriver.findElementByCssSelector(RemoteWebDriver.java:501)
at org.openqa.selenium.By$ByCssSelector.findElement(By.java:430)
at org.openqa.selenium.remote.RemoteWebDriver.findElement(RemoteWebDriver.java:402)
at org.openqa.selenium.support.pagefactory.DefaultElementLocator.findElement(DefaultElementLocator.java:69)
at org.openqa.selenium.support.pagefactory.internal.LocatingElementHandler.invoke(LocatingElementHandler.java:38)
at com.sun.proxy.$Proxy7.getText(Unknown Source)
at com.zoopla.pages.AgentPage.validateAgentName(AgentPage.java:27)
at com.zoopla.pageTests.AgentPageTest.validateAgentName(AgentPageTest.java:37)
at sun.reflect.NativeMethodAccessorImpl.invoke0(Native Method)
at sun.reflect.NativeMethodAccessorImpl.invoke(NativeMethodAccessorImpl.java:62)
at sun.reflect.DelegatingMethodAccessorImpl.invoke(DelegatingMethodAccessorImpl.java:43)
at java.lang.reflect.Method.invoke(Method.java:498)
at org.testng.internal.MethodInvocationHelper.invokeMethod(MethodInvocationHelper.java:133)
at org.testng.internal.TestInvoker.invokeMethod(TestInvoker.java:598)
at org.testng.internal.TestInvoker.invokeTestMethod(TestInvoker.java:173)
at org.testng.internal.MethodRunner.runInSequence(MethodRunner.java:46)
at org.testng.internal.TestInvoker$MethodInvocationAgent.invoke(TestInvoker.java:824)
at org.testng.internal.TestInvoker.invokeTestMethods(TestInvoker.java:146)
at org.testng.internal.TestMethodWorker.invokeTestMethods(TestMethodWorker.java:146)
at org.testng.internal.TestMethodWorker.run(TestMethodWorker.java:128)
at java.util.ArrayList.forEach(ArrayList.java:1257)
at org.testng.TestRunner.privateRun(TestRunner.java:794)
at org.testng.TestRunner.run(TestRunner.java:596)
at org.testng.SuiteRunner.runTest(SuiteRunner.java:377)
at org.testng.SuiteRunner.runSequentially(SuiteRunner.java:371)
at org.testng.SuiteRunner.privateRun(SuiteRunner.java:332)
at org.testng.SuiteRunner.run(SuiteRunner.java:276)
at org.testng.SuiteRunnerWorker.runSuite(SuiteRunnerWorker.java:53)
at org.testng.SuiteRunnerWorker.run(SuiteRunnerWorker.java:96)
at org.testng.TestNG.runSuitesSequentially(TestNG.java:1212)
at org.testng.TestNG.runSuitesLocally(TestNG.java:1134)
at org.testng.TestNG.runSuites(TestNG.java:1063)
at org.testng.TestNG.run(TestNG.java:1031)
at org.testng.remote.AbstractRemoteTestNG.run(AbstractRemoteTestNG.java:115)
at org.testng.remote.RemoteTestNG.initAndRun(RemoteTestNG.java:251)
at org.testng.remote.RemoteTestNG.main(RemoteTestNG.java:77)
]]>
            </full-stacktrace>
          </exception> <!-- org.openqa.selenium.InvalidSelectorException -->
          <reporter-output>
          </reporter-output>
        </test-method> <!-- validateAgentName -->
        <test-method status="FAIL" signature="validateAllListing()[pri:2, instance:com.zoopla.pageTests.AgentPageTest@176d53b2]" name="validateAllListing" duration-ms="1630" started-at="2021-05-16T21:25:12 PDT" finished-at="2021-05-16T21:25:14 PDT">
          <exception class="org.openqa.selenium.InvalidSelectorException">
            <message>
              <![CDATA[invalid selector: An invalid or illegal selector was specified
  (Session info: chrome=90.0.4430.212)
For documentation on this error, please visit: http://seleniumhq.org/exceptions/invalid_selector_exception.html
Build info: version: '3.4.0', revision: 'unknown', time: 'unknown'
System info: host: 'Sayannas-MacBook-Pro.local', ip: 'fe80:0:0:0:147f:8a2f:99d4:20fc%en0', os.name: 'Mac OS X', os.arch: 'x86_64', os.version: '10.14.6', java.version: '1.8.0_241'
Driver info: org.openqa.selenium.chrome.ChromeDriver
Capabilities [{networkConnectionEnabled=false, chrome={chromedriverVersion=90.0.4430.24 (4c6d850f087da467d926e8eddb76550aed655991-refs/branch-heads/4430@{#429}), userDataDir=/var/folders/vv/75gx1wz504x119pqr9wykq380000gn/T/.com.google.Chrome.OL3nf9}, timeouts={implicit=0.0, pageLoad=300000.0, script=30000.0}, pageLoadStrategy=normal, unhandledPromptBehavior=dismiss and notify, strictFileInteractability=false, platform=ANY, proxy=Proxy(), goog:chromeOptions={debuggerAddress=localhost:52196}, acceptInsecureCerts=false, browserVersion=90.0.4430.212, browserName=chrome, javascriptEnabled=true, platformName=mac os x, setWindowRect=true, webauthn:extension:largeBlob=true, webauthn:virtualAuthenticators=true}]
Session ID: d47ed5c66c3dcdd4d01bef7d4bff77aa
*** Element info: {Using=css selector, value=body.layout-standard.brand-zoopla:nth-child(2) div.main-content-area.clearfix.wrap:nth-child(9) div.clearfix:nth-child(2) div.layout-standard:nth-child(1) div.clearfix:nth-child(1) div:nth-child(1) h1:nth-child(1) > a:nth-child(1))}]]>
            </message>
            <full-stacktrace>
              <![CDATA[org.openqa.selenium.InvalidSelectorException: invalid selector: An invalid or illegal selector was specified
  (Session info: chrome=90.0.4430.212)
For documentation on this error, please visit: http://seleniumhq.org/exceptions/invalid_selector_exception.html
Build info: version: '3.4.0', revision: 'unknown', time: 'unknown'
System info: host: 'Sayannas-MacBook-Pro.local', ip: 'fe80:0:0:0:147f:8a2f:99d4:20fc%en0', os.name: 'Mac OS X', os.arch: 'x86_64', os.version: '10.14.6', java.version: '1.8.0_241'
Driver info: org.openqa.selenium.chrome.ChromeDriver
Capabilities [{networkConnectionEnabled=false, chrome={chromedriverVersion=90.0.4430.24 (4c6d850f087da467d926e8eddb76550aed655991-refs/branch-heads/4430@{#429}), userDataDir=/var/folders/vv/75gx1wz504x119pqr9wykq380000gn/T/.com.google.Chrome.OL3nf9}, timeouts={implicit=0.0, pageLoad=300000.0, script=30000.0}, pageLoadStrategy=normal, unhandledPromptBehavior=dismiss and notify, strictFileInteractability=false, platform=ANY, proxy=Proxy(), goog:chromeOptions={debuggerAddress=localhost:52196}, acceptInsecureCerts=false, browserVersion=90.0.4430.212, browserName=chrome, javascriptEnabled=true, platformName=mac os x, setWindowRect=true, webauthn:extension:largeBlob=true, webauthn:virtualAuthenticators=true}]
Session ID: d47ed5c66c3dcdd4d01bef7d4bff77aa
*** Element info: {Using=css selector, value=body.layout-standard.brand-zoopla:nth-child(2) div.main-content-area.clearfix.wrap:nth-child(9) div.clearfix:nth-child(2) div.layout-standard:nth-child(1) div.clearfix:nth-child(1) div:nth-child(1) h1:nth-child(1) > a:nth-child(1))}
at sun.reflect.NativeConstructorAccessorImpl.newInstance0(Native Method)
at sun.reflect.NativeConstructorAccessorImpl.newInstance(NativeConstructorAccessorImpl.java:62)
at sun.reflect.DelegatingConstructorAccessorImpl.newInstance(DelegatingConstructorAccessorImpl.java:45)
at java.lang.reflect.Constructor.newInstance(Constructor.java:423)
at org.openqa.selenium.remote.http.W3CHttpResponseCodec.createException(W3CHttpResponseCodec.java:150)
at org.openqa.selenium.remote.http.W3CHttpResponseCodec.decode(W3CHttpResponseCodec.java:115)
at org.openqa.selenium.remote.http.W3CHttpResponseCodec.decode(W3CHttpResponseCodec.java:45)
at org.openqa.selenium.remote.HttpCommandExecutor.execute(HttpCommandExecutor.java:164)
at org.openqa.selenium.remote.service.DriverCommandExecutor.execute(DriverCommandExecutor.java:82)
at org.openqa.selenium.remote.RemoteWebDriver.execute(RemoteWebDriver.java:637)
at org.openqa.selenium.remote.RemoteWebDriver.findElement(RemoteWebDriver.java:410)
at org.openqa.selenium.remote.RemoteWebDriver.findElementByCssSelector(RemoteWebDriver.java:501)
at org.openqa.selenium.By$ByCssSelector.findElement(By.java:430)
at org.openqa.selenium.remote.RemoteWebDriver.findElement(RemoteWebDriver.java:402)
at org.openqa.selenium.support.pagefactory.DefaultElementLocator.findElement(DefaultElementLocator.java:69)
at org.openqa.selenium.support.pagefactory.internal.LocatingElementHandler.invoke(LocatingElementHandler.java:38)
at com.sun.proxy.$Proxy7.getText(Unknown Source)
at com.zoopla.pages.AgentPage.validateAgentName(AgentPage.java:27)
at com.zoopla.pageTests.AgentPageTest.validateAllListing(AgentPageTest.java:51)
at sun.reflect.NativeMethodAccessorImpl.invoke0(Native Method)
at sun.reflect.NativeMethodAccessorImpl.invoke(NativeMethodAccessorImpl.java:62)
at sun.reflect.DelegatingMethodAccessorImpl.invoke(DelegatingMethodAccessorImpl.java:43)
at java.lang.reflect.Method.invoke(Method.java:498)
at org.testng.internal.MethodInvocationHelper.invokeMethod(MethodInvocationHelper.java:133)
at org.testng.internal.TestInvoker.invokeMethod(TestInvoker.java:598)
at org.testng.internal.TestInvoker.invokeTestMethod(TestInvoker.java:173)
at org.testng.internal.MethodRunner.runInSequence(MethodRunner.java:46)
at org.testng.internal.TestInvoker$MethodInvocationAgent.invoke(TestInvoker.java:824)
at org.testng.internal.TestInvoker.invokeTestMethods(TestInvoker.java:146)
at org.testng.internal.TestMethodWorker.invokeTestMethods(TestMethodWorker.java:146)
at org.testng.internal.TestMethodWorker.run(TestMethodWorker.java:128)
at java.util.ArrayList.forEach(ArrayList.java:1257)
at org.testng.TestRunner.privateRun(TestRunner.java:794)
at org.testng.TestRunner.run(TestRunner.java:596)
at org.testng.SuiteRunner.runTest(SuiteRunner.java:377)
at org.testng.SuiteRunner.runSequentially(SuiteRunner.java:371)
at org.testng.SuiteRunner.privateRun(SuiteRunner.java:332)
at org.testng.SuiteRunner.run(SuiteRunner.java:276)
at org.testng.SuiteRunnerWorker.runSuite(SuiteRunnerWorker.java:53)
at org.testng.SuiteRunnerWorker.run(SuiteRunnerWorker.java:96)
at org.testng.TestNG.runSuitesSequentially(TestNG.java:1212)
at org.testng.TestNG.runSuitesLocally(TestNG.java:1134)
at org.testng.TestNG.runSuites(TestNG.java:1063)
at org.testng.TestNG.run(TestNG.java:1031)
at org.testng.remote.AbstractRemoteTestNG.run(AbstractRemoteTestNG.java:115)
at org.testng.remote.RemoteTestNG.initAndRun(RemoteTestNG.java:251)
at org.testng.remote.RemoteTestNG.main(RemoteTestNG.java:77)
]]>
            </full-stacktrace>
          </exception> <!-- org.openqa.selenium.InvalidSelectorException -->
          <reporter-output>
          </reporter-output>
        </test-method> <!-- validateAllListing -->
        <test-method status="PASS" signature="tearDown()[pri:0, instance:com.zoopla.pageTests.AgentPageTest@176d53b2]" name="tearDown" is-config="true" duration-ms="258" started-at="2021-05-16T21:25:14 PDT" finished-at="2021-05-16T21:25:14 PDT">
          <reporter-output>
          </reporter-output>
        </test-method> <!-- tearDown -->
      </class> <!-- com.zoopla.pageTests.AgentPageTest -->
      <class name="com.zoopla.pageTests.PropertyDetailsPageTest">
        <test-method status="PASS" signature="Initialize()[pri:0, instance:com.zoopla.pageTests.PropertyDetailsPageTest@491666ad]" name="Initialize" is-config="true" duration-ms="8575" started-at="2021-05-16T21:24:11 PDT" finished-at="2021-05-16T21:24:19 PDT">
          <reporter-output>
          </reporter-output>
        </test-method> <!-- Initialize -->
        <test-method status="FAIL" signature="ValidatepageTitle()[pri:1, instance:com.zoopla.pageTests.PropertyDetailsPageTest@491666ad]" name="ValidatepageTitle" duration-ms="17" started-at="2021-05-16T21:24:19 PDT" finished-at="2021-05-16T21:24:19 PDT">
          <exception class="java.lang.AssertionError">
            <message>
              <![CDATA[URL not matched expected [https://www.zoopla.co.uk/for-sale/details/58625425/?search_identifier=c14ac08bf282507f6273830c65fcde12] but found [https://www.zoopla.co.uk/new-homes/details/57648662/?search_identifier=745775bfdf5a80480dca54c310e41cd5]]]>
            </message>
            <full-stacktrace>
              <![CDATA[java.lang.AssertionError: URL not matched expected [https://www.zoopla.co.uk/for-sale/details/58625425/?search_identifier=c14ac08bf282507f6273830c65fcde12] but found [https://www.zoopla.co.uk/new-homes/details/57648662/?search_identifier=745775bfdf5a80480dca54c310e41cd5]
at org.testng.Assert.fail(Assert.java:99)
at org.testng.Assert.failNotEquals(Assert.java:1037)
at org.testng.Assert.assertEqualsImpl(Assert.java:140)
at org.testng.Assert.assertEquals(Assert.java:122)
at org.testng.Assert.assertEquals(Assert.java:629)
at com.zoopla.pageTests.PropertyDetailsPageTest.ValidatepageTitle(PropertyDetailsPageTest.java:38)
at sun.reflect.NativeMethodAccessorImpl.invoke0(Native Method)
at sun.reflect.NativeMethodAccessorImpl.invoke(NativeMethodAccessorImpl.java:62)
at sun.reflect.DelegatingMethodAccessorImpl.invoke(DelegatingMethodAccessorImpl.java:43)
at java.lang.reflect.Method.invoke(Method.java:498)
at org.testng.internal.MethodInvocationHelper.invokeMethod(MethodInvocationHelper.java:133)
at org.testng.internal.TestInvoker.invokeMethod(TestInvoker.java:598)
at org.testng.internal.TestInvoker.invokeTestMethod(TestInvoker.java:173)
at org.testng.internal.MethodRunner.runInSequence(MethodRunner.java:46)
at org.testng.internal.TestInvoker$MethodInvocationAgent.invoke(TestInvoker.java:824)
at org.testng.internal.TestInvoker.invokeTestMethods(TestInvoker.java:146)
at org.testng.internal.TestMethodWorker.invokeTestMethods(TestMethodWorker.java:146)
at org.testng.internal.TestMethodWorker.run(TestMethodWorker.java:128)
at java.util.ArrayList.forEach(ArrayList.java:1257)
at org.testng.TestRunner.privateRun(TestRunner.java:794)
at org.testng.TestRunner.run(TestRunner.java:596)
at org.testng.SuiteRunner.runTest(SuiteRunner.java:377)
at org.testng.SuiteRunner.runSequentially(SuiteRunner.java:371)
at org.testng.SuiteRunner.privateRun(SuiteRunner.java:332)
at org.testng.SuiteRunner.run(SuiteRunner.java:276)
at org.testng.SuiteRunnerWorker.runSuite(SuiteRunnerWorker.java:53)
at org.testng.SuiteRunnerWorker.run(SuiteRunnerWorker.java:96)
at org.testng.TestNG.runSuitesSequentially(TestNG.java:1212)
at org.testng.TestNG.runSuitesLocally(TestNG.java:1134)
at org.testng.TestNG.runSuites(TestNG.java:1063)
at org.testng.TestNG.run(TestNG.java:1031)
at org.testng.remote.AbstractRemoteTestNG.run(AbstractRemoteTestNG.java:115)
at org.testng.remote.RemoteTestNG.initAndRun(RemoteTestNG.java:251)
at org.testng.remote.RemoteTestNG.main(RemoteTestNG.java:77)
]]>
            </full-stacktrace>
          </exception> <!-- java.lang.AssertionError -->
          <reporter-output>
          </reporter-output>
        </test-method> <!-- ValidatepageTitle -->
        <test-method status="PASS" signature="ClickOnViewProperty()[pri:2, instance:com.zoopla.pageTests.PropertyDetailsPageTest@491666ad]" name="ClickOnViewProperty" duration-ms="2244" started-at="2021-05-16T21:24:19 PDT" finished-at="2021-05-16T21:24:21 PDT">
          <reporter-output>
          </reporter-output>
        </test-method> <!-- ClickOnViewProperty -->
        <test-method status="FAIL" signature="validateAgentAddress()[pri:2, instance:com.zoopla.pageTests.PropertyDetailsPageTest@491666ad]" name="validateAgentAddress" duration-ms="40058" started-at="2021-05-16T21:24:21 PDT" finished-at="2021-05-16T21:25:02 PDT">
          <exception class="org.openqa.selenium.NoSuchElementException">
            <message>
              <![CDATA[no such element: Unable to locate element: {"method":"xpath","selector":"//div[@class ='css-1nc2nta-BodyContainer evrk8bx7']//h1//span[2]"}
  (Session info: chrome=90.0.4430.212)
For documentation on this error, please visit: http://seleniumhq.org/exceptions/no_such_element.html
Build info: version: '3.4.0', revision: 'unknown', time: 'unknown'
System info: host: 'Sayannas-MacBook-Pro.local', ip: 'fe80:0:0:0:147f:8a2f:99d4:20fc%en0', os.name: 'Mac OS X', os.arch: 'x86_64', os.version: '10.14.6', java.version: '1.8.0_241'
Driver info: org.openqa.selenium.chrome.ChromeDriver
Capabilities [{networkConnectionEnabled=false, chrome={chromedriverVersion=90.0.4430.24 (4c6d850f087da467d926e8eddb76550aed655991-refs/branch-heads/4430@{#429}), userDataDir=/var/folders/vv/75gx1wz504x119pqr9wykq380000gn/T/.com.google.Chrome.35wbDx}, timeouts={implicit=0.0, pageLoad=300000.0, script=30000.0}, pageLoadStrategy=normal, unhandledPromptBehavior=dismiss and notify, strictFileInteractability=false, platform=ANY, proxy=Proxy(), goog:chromeOptions={debuggerAddress=localhost:52062}, acceptInsecureCerts=false, browserVersion=90.0.4430.212, browserName=chrome, javascriptEnabled=true, platformName=mac os x, setWindowRect=true, webauthn:extension:largeBlob=true, webauthn:virtualAuthenticators=true}]
Session ID: f92ab9bb3bc0ae242a7f4f90e1b95001
*** Element info: {Using=xpath, value=//div[@class ='css-1nc2nta-BodyContainer evrk8bx7']//h1//span[2]}]]>
            </message>
            <full-stacktrace>
              <![CDATA[org.openqa.selenium.NoSuchElementException: no such element: Unable to locate element: {"method":"xpath","selector":"//div[@class ='css-1nc2nta-BodyContainer evrk8bx7']//h1//span[2]"}
  (Session info: chrome=90.0.4430.212)
For documentation on this error, please visit: http://seleniumhq.org/exceptions/no_such_element.html
Build info: version: '3.4.0', revision: 'unknown', time: 'unknown'
System info: host: 'Sayannas-MacBook-Pro.local', ip: 'fe80:0:0:0:147f:8a2f:99d4:20fc%en0', os.name: 'Mac OS X', os.arch: 'x86_64', os.version: '10.14.6', java.version: '1.8.0_241'
Driver info: org.openqa.selenium.chrome.ChromeDriver
Capabilities [{networkConnectionEnabled=false, chrome={chromedriverVersion=90.0.4430.24 (4c6d850f087da467d926e8eddb76550aed655991-refs/branch-heads/4430@{#429}), userDataDir=/var/folders/vv/75gx1wz504x119pqr9wykq380000gn/T/.com.google.Chrome.35wbDx}, timeouts={implicit=0.0, pageLoad=300000.0, script=30000.0}, pageLoadStrategy=normal, unhandledPromptBehavior=dismiss and notify, strictFileInteractability=false, platform=ANY, proxy=Proxy(), goog:chromeOptions={debuggerAddress=localhost:52062}, acceptInsecureCerts=false, browserVersion=90.0.4430.212, browserName=chrome, javascriptEnabled=true, platformName=mac os x, setWindowRect=true, webauthn:extension:largeBlob=true, webauthn:virtualAuthenticators=true}]
Session ID: f92ab9bb3bc0ae242a7f4f90e1b95001
*** Element info: {Using=xpath, value=//div[@class ='css-1nc2nta-BodyContainer evrk8bx7']//h1//span[2]}
at sun.reflect.NativeConstructorAccessorImpl.newInstance0(Native Method)
at sun.reflect.NativeConstructorAccessorImpl.newInstance(NativeConstructorAccessorImpl.java:62)
at sun.reflect.DelegatingConstructorAccessorImpl.newInstance(DelegatingConstructorAccessorImpl.java:45)
at java.lang.reflect.Constructor.newInstance(Constructor.java:423)
at org.openqa.selenium.remote.http.W3CHttpResponseCodec.createException(W3CHttpResponseCodec.java:150)
at org.openqa.selenium.remote.http.W3CHttpResponseCodec.decode(W3CHttpResponseCodec.java:115)
at org.openqa.selenium.remote.http.W3CHttpResponseCodec.decode(W3CHttpResponseCodec.java:45)
at org.openqa.selenium.remote.HttpCommandExecutor.execute(HttpCommandExecutor.java:164)
at org.openqa.selenium.remote.service.DriverCommandExecutor.execute(DriverCommandExecutor.java:82)
at org.openqa.selenium.remote.RemoteWebDriver.execute(RemoteWebDriver.java:637)
at org.openqa.selenium.remote.RemoteWebDriver.findElement(RemoteWebDriver.java:410)
at org.openqa.selenium.remote.RemoteWebDriver.findElementByXPath(RemoteWebDriver.java:509)
at org.openqa.selenium.By$ByXPath.findElement(By.java:361)
at org.openqa.selenium.remote.RemoteWebDriver.findElement(RemoteWebDriver.java:402)
at org.openqa.selenium.support.pagefactory.DefaultElementLocator.findElement(DefaultElementLocator.java:69)
at org.openqa.selenium.support.pagefactory.internal.LocatingElementHandler.invoke(LocatingElementHandler.java:38)
at com.sun.proxy.$Proxy7.getText(Unknown Source)
at com.zoopla.pages.PropertyDetailsPage.validatePropertyAddress(PropertyDetailsPage.java:37)
at com.zoopla.pageTests.PropertyDetailsPageTest.validateAgentAddress(PropertyDetailsPageTest.java:43)
at sun.reflect.NativeMethodAccessorImpl.invoke0(Native Method)
at sun.reflect.NativeMethodAccessorImpl.invoke(NativeMethodAccessorImpl.java:62)
at sun.reflect.DelegatingMethodAccessorImpl.invoke(DelegatingMethodAccessorImpl.java:43)
at java.lang.reflect.Method.invoke(Method.java:498)
at org.testng.internal.MethodInvocationHelper.invokeMethod(MethodInvocationHelper.java:133)
at org.testng.internal.TestInvoker.invokeMethod(TestInvoker.java:598)
at org.testng.internal.TestInvoker.invokeTestMethod(TestInvoker.java:173)
at org.testng.internal.MethodRunner.runInSequence(MethodRunner.java:46)
at org.testng.internal.TestInvoker$MethodInvocationAgent.invoke(TestInvoker.java:824)
at org.testng.internal.TestInvoker.invokeTestMethods(TestInvoker.java:146)
at org.testng.internal.TestMethodWorker.invokeTestMethods(TestMethodWorker.java:146)
at org.testng.internal.TestMethodWorker.run(TestMethodWorker.java:128)
at java.util.ArrayList.forEach(ArrayList.java:1257)
at org.testng.TestRunner.privateRun(TestRunner.java:794)
at org.testng.TestRunner.run(TestRunner.java:596)
at org.testng.SuiteRunner.runTest(SuiteRunner.java:377)
at org.testng.SuiteRunner.runSequentially(SuiteRunner.java:371)
at org.testng.SuiteRunner.privateRun(SuiteRunner.java:332)
at org.testng.SuiteRunner.run(SuiteRunner.java:276)
at org.testng.SuiteRunnerWorker.runSuite(SuiteRunnerWorker.java:53)
at org.testng.SuiteRunnerWorker.run(SuiteRunnerWorker.java:96)
at org.testng.TestNG.runSuitesSequentially(TestNG.java:1212)
at org.testng.TestNG.runSuitesLocally(TestNG.java:1134)
at org.testng.TestNG.runSuites(TestNG.java:1063)
at org.testng.TestNG.run(TestNG.java:1031)
at org.testng.remote.AbstractRemoteTestNG.run(AbstractRemoteTestNG.java:115)
at org.testng.remote.RemoteTestNG.initAndRun(RemoteTestNG.java:251)
at org.testng.remote.RemoteTestNG.main(RemoteTestNG.java:77)
]]>
            </full-stacktrace>
          </exception> <!-- org.openqa.selenium.NoSuchElementException -->
          <reporter-output>
          </reporter-output>
        </test-method> <!-- validateAgentAddress -->
        <test-method status="PASS" signature="tearDown()[pri:0, instance:com.zoopla.pageTests.PropertyDetailsPageTest@491666ad]" name="tearDown" is-config="true" duration-ms="213" started-at="2021-05-16T21:25:02 PDT" finished-at="2021-05-16T21:25:02 PDT">
          <reporter-output>
          </reporter-output>
        </test-method> <!-- tearDown -->
      </class> <!-- com.zoopla.pageTests.PropertyDetailsPageTest -->
      <class name="com.zoopla.pageTests.ListingsPageTest">
        <test-method status="PASS" signature="Initialize()[pri:0, instance:com.zoopla.pageTests.ListingsPageTest@4f9a3314]" name="Initialize" is-config="true" duration-ms="6907" started-at="2021-05-16T21:23:58 PDT" finished-at="2021-05-16T21:24:05 PDT">
          <reporter-output>
          </reporter-output>
        </test-method> <!-- Initialize -->
        <test-method status="PASS" signature="validateTitle()[pri:1, instance:com.zoopla.pageTests.ListingsPageTest@4f9a3314]" name="validateTitle" duration-ms="37" started-at="2021-05-16T21:24:05 PDT" finished-at="2021-05-16T21:24:05 PDT">
          <reporter-output>
          </reporter-output>
        </test-method> <!-- validateTitle -->
        <test-method status="PASS" signature="MostRecentDrpDwn()[pri:2, instance:com.zoopla.pageTests.ListingsPageTest@4f9a3314]" name="MostRecentDrpDwn" duration-ms="1860" started-at="2021-05-16T21:24:05 PDT" finished-at="2021-05-16T21:24:07 PDT">
          <reporter-output>
          </reporter-output>
        </test-method> <!-- MostRecentDrpDwn -->
        <test-method status="PASS" signature="clickOnProperty()[pri:5, instance:com.zoopla.pageTests.ListingsPageTest@4f9a3314]" name="clickOnProperty" duration-ms="3141" started-at="2021-05-16T21:24:07 PDT" finished-at="2021-05-16T21:24:10 PDT">
          <reporter-output>
          </reporter-output>
        </test-method> <!-- clickOnProperty -->
        <test-method status="PASS" signature="teatDown()[pri:0, instance:com.zoopla.pageTests.ListingsPageTest@4f9a3314]" name="teatDown" is-config="true" duration-ms="220" started-at="2021-05-16T21:24:10 PDT" finished-at="2021-05-16T21:24:11 PDT">
          <reporter-output>
          </reporter-output>
        </test-method> <!-- teatDown -->
      </class> <!-- com.zoopla.pageTests.ListingsPageTest -->
      <class name="com.zoopla.pageTests.HomepageTest">
        <test-method status="PASS" signature="Initialize()[pri:0, instance:com.zoopla.pageTests.HomepageTest@226a82c4]" name="Initialize" is-config="true" duration-ms="6637" started-at="2021-05-16T21:23:48 PDT" finished-at="2021-05-16T21:23:55 PDT">
          <reporter-output>
          </reporter-output>
        </test-method> <!-- Initialize -->
        <test-method status="PASS" signature="validateHomepageTitle()[pri:1, instance:com.zoopla.pageTests.HomepageTest@226a82c4]" name="validateHomepageTitle" duration-ms="15" started-at="2021-05-16T21:23:55 PDT" finished-at="2021-05-16T21:23:55 PDT">
          <reporter-output>
          </reporter-output>
        </test-method> <!-- validateHomepageTitle -->
        <test-method status="PASS" signature="EnterText()[pri:2, instance:com.zoopla.pageTests.HomepageTest@226a82c4]" name="EnterText" duration-ms="275" started-at="2021-05-16T21:23:55 PDT" finished-at="2021-05-16T21:23:55 PDT">
          <reporter-output>
          </reporter-output>
        </test-method> <!-- EnterText -->
        <test-method status="PASS" signature="clickOnsearchBtn()[pri:3, instance:com.zoopla.pageTests.HomepageTest@226a82c4]" name="clickOnsearchBtn" duration-ms="3434" started-at="2021-05-16T21:23:55 PDT" finished-at="2021-05-16T21:23:58 PDT">
          <reporter-output>
          </reporter-output>
        </test-method> <!-- clickOnsearchBtn -->
        <test-method status="PASS" signature="tearDown()[pri:0, instance:com.zoopla.pageTests.HomepageTest@226a82c4]" name="tearDown" is-config="true" duration-ms="167" started-at="2021-05-16T21:23:58 PDT" finished-at="2021-05-16T21:23:58 PDT">
          <reporter-output>
          </reporter-output>
        </test-method> <!-- tearDown -->
      </class> <!-- com.zoopla.pageTests.HomepageTest -->
    </test> <!-- ZooplaTest -->
  </suite> <!-- Suite -->
</testng-results>
